<?xml version="1.0" encoding="UTF-8"?>
<coverage generated="1611509143084" clover="3.2.0">
	<project timestamp="1611509143084"  name="All Files" >
		<metrics statements="12"  coveredstatements="10"  conditionals="2"  coveredconditionals="2"  methods="1"  coveredmethods="0"  elements="15"  coveredelements="12"  complexity="0"  packages="1"  files="1"  classes="1"  loc="18"  ncloc="18" />
		<package name="challenge" >
			<metrics statements="12"  coveredstatements="10"  conditionals="2"  coveredconditionals="2"  methods="1"  coveredmethods="0" />
			<file name="app.js"  path="/projects/challenge/app.js" >
				<metrics statements="12"  coveredstatements="10"  conditionals="2"  coveredconditionals="2"  methods="1"  coveredmethods="0" />
				<line num="1"  count="1"  type="stmt" />
				<line num="2"  count="1"  type="stmt" />
				<line num="3"  count="1"  type="stmt" />
				<line num="4"  count="1"  type="stmt" />
				<line num="5"  count="1"  type="stmt" />
				<line num="6"  count="1"  type="cond"  truecount="2"  falsecount="0" />
				<line num="8"  count="1"  type="stmt" />
				<line num="9"  count="1"  type="stmt" />
				<line num="12"  count="1"  type="stmt" />
				<line num="13"  count="0"  type="stmt" />
				<line num="14"  count="0"  type="stmt" />
				<line num="18"  count="1"  type="stmt" />
			</file>
		</package>
	</project>
</coverage>
